<?xml version="1.0" encoding="UTF-8"?>
<!-- Generated by org.testng.reporters.JUnitXMLReporter -->
<testsuite ignored="0" hostname="IN-6L172J3" failures="0" tests="8" name="Default test" time="8.673" errors="0" timestamp="2022-12-18T19:44:04 IST">
  <testcase classname="TestCases.ChecklistApi" name="createBoard" time="2.096"/>
  <testcase classname="TestCases.ChecklistApi" name="createListForCard" time="0.639"/>
  <testcase classname="TestCases.ChecklistApi" name="createCard" time="0.792"/>
  <testcase classname="TestCases.ChecklistApi" name="createChecklist" time="0.609"/>
  <testcase classname="TestCases.ChecklistApi" name="updateChecklistist" time="0.607"/>
  <testcase classname="TestCases.ChecklistApi" name="getChecklist" time="0.539"/>
  <testcase classname="TestCases.ChecklistApi" name="deleteCard" time="0.902"/>
  <testcase classname="TestCases.ChecklistApi" name="deleteBoard" time="1.247"/>
</testsuite> <!-- Default test -->
