<?xml version="1.0" encoding="UTF-8"?>
<testng-results ignored="0" total="25" passed="25" failed="0" skipped="0">
  <reporter-output>
  </reporter-output>
  <suite started-at="2023-01-31T22:58:48 IST" name="Trello" finished-at="2023-01-31T22:59:14 IST" duration-ms="26612">
    <groups>
    </groups>
    <test started-at="2023-01-31T22:58:48 IST" name="Integration" finished-at="2023-01-31T22:59:14 IST" duration-ms="26612">
      <class name="TestCases.ListApi">
        <test-method is-config="true" signature="startTest(java.lang.reflect.Method)[pri:0, instance:TestCases.ListApi@665e9289]" started-at="2023-01-31T22:58:54 IST" name="startTest" finished-at="2023-01-31T22:58:54 IST" duration-ms="1" status="PASS">
          <params>
            <param index="0">
              <value>
                <![CDATA[public void TestCases.ListApi.createBoard() throws java.lang.Exception]]>
              </value>
            </param>
          </params>
          <reporter-output>
          </reporter-output>
        </test-method> <!-- startTest -->
        <test-method signature="createBoard()[pri:0, instance:TestCases.ListApi@665e9289]" started-at="2023-01-31T22:58:54 IST" name="createBoard" finished-at="2023-01-31T22:58:55 IST" duration-ms="753" status="PASS">
          <reporter-output>
          </reporter-output>
        </test-method> <!-- createBoard -->
        <test-method is-config="true" signature="status(org.testng.ITestResult)[pri:0, instance:TestCases.ListApi@665e9289]" started-at="2023-01-31T22:58:55 IST" name="status" finished-at="2023-01-31T22:58:55 IST" duration-ms="52" status="PASS">
          <params>
            <param index="0">
              <value>
                <![CDATA[[TestResult name=createBoard status=SUCCESS method=ListApi.createBoard()[pri:0, instance:TestCases.ListApi@665e9289] output={null}]]]>
              </value>
            </param>
          </params>
          <reporter-output>
          </reporter-output>
        </test-method> <!-- status -->
        <test-method is-config="true" signature="startTest(java.lang.reflect.Method)[pri:0, instance:TestCases.ListApi@665e9289]" started-at="2023-01-31T22:58:55 IST" name="startTest" finished-at="2023-01-31T22:58:55 IST" duration-ms="32" status="PASS">
          <params>
            <param index="0">
              <value>
                <![CDATA[public void TestCases.ListApi.createList() throws java.lang.Exception]]>
              </value>
            </param>
          </params>
          <reporter-output>
          </reporter-output>
        </test-method> <!-- startTest -->
        <test-method signature="createList()[pri:1, instance:TestCases.ListApi@665e9289]" started-at="2023-01-31T22:58:55 IST" name="createList" finished-at="2023-01-31T22:58:56 IST" duration-ms="666" status="PASS">
          <reporter-output>
          </reporter-output>
        </test-method> <!-- createList -->
        <test-method is-config="true" signature="status(org.testng.ITestResult)[pri:0, instance:TestCases.ListApi@665e9289]" started-at="2023-01-31T22:58:56 IST" name="status" finished-at="2023-01-31T22:58:56 IST" duration-ms="52" status="PASS">
          <params>
            <param index="0">
              <value>
                <![CDATA[[TestResult name=createList status=SUCCESS method=ListApi.createList()[pri:1, instance:TestCases.ListApi@665e9289] output={null}]]]>
              </value>
            </param>
          </params>
          <reporter-output>
          </reporter-output>
        </test-method> <!-- status -->
        <test-method is-config="true" signature="startTest(java.lang.reflect.Method)[pri:0, instance:TestCases.ListApi@665e9289]" started-at="2023-01-31T22:58:56 IST" name="startTest" finished-at="2023-01-31T22:58:56 IST" duration-ms="1" status="PASS">
          <params>
            <param index="0">
              <value>
                <![CDATA[public void TestCases.ListApi.NegativeTestCase_updateList() throws java.lang.Exception]]>
              </value>
            </param>
          </params>
          <reporter-output>
          </reporter-output>
        </test-method> <!-- startTest -->
        <test-method signature="NegativeTestCase_updateList()[pri:2, instance:TestCases.ListApi@665e9289]" started-at="2023-01-31T22:58:56 IST" name="NegativeTestCase_updateList" finished-at="2023-01-31T22:58:56 IST" duration-ms="584" status="PASS">
          <reporter-output>
          </reporter-output>
        </test-method> <!-- NegativeTestCase_updateList -->
        <test-method is-config="true" signature="status(org.testng.ITestResult)[pri:0, instance:TestCases.ListApi@665e9289]" started-at="2023-01-31T22:58:56 IST" name="status" finished-at="2023-01-31T22:58:56 IST" duration-ms="51" status="PASS">
          <params>
            <param index="0">
              <value>
                <![CDATA[[TestResult name=NegativeTestCase_updateList status=SUCCESS method=ListApi.NegativeTestCase_updateList()[pri:2, instance:TestCases.ListApi@665e9289] output={null}]]]>
              </value>
            </param>
          </params>
          <reporter-output>
          </reporter-output>
        </test-method> <!-- status -->
        <test-method is-config="true" signature="startTest(java.lang.reflect.Method)[pri:0, instance:TestCases.ListApi@665e9289]" started-at="2023-01-31T22:58:56 IST" name="startTest" finished-at="2023-01-31T22:58:56 IST" duration-ms="0" status="PASS">
          <params>
            <param index="0">
              <value>
                <![CDATA[public void TestCases.ListApi.updateList() throws java.lang.Exception]]>
              </value>
            </param>
          </params>
          <reporter-output>
          </reporter-output>
        </test-method> <!-- startTest -->
        <test-method signature="updateList()[pri:3, instance:TestCases.ListApi@665e9289]" started-at="2023-01-31T22:58:56 IST" name="updateList" finished-at="2023-01-31T22:58:57 IST" duration-ms="536" status="PASS">
          <reporter-output>
          </reporter-output>
        </test-method> <!-- updateList -->
        <test-method is-config="true" signature="status(org.testng.ITestResult)[pri:0, instance:TestCases.ListApi@665e9289]" started-at="2023-01-31T22:58:57 IST" name="status" finished-at="2023-01-31T22:58:57 IST" duration-ms="42" status="PASS">
          <params>
            <param index="0">
              <value>
                <![CDATA[[TestResult name=updateList status=SUCCESS method=ListApi.updateList()[pri:3, instance:TestCases.ListApi@665e9289] output={null}]]]>
              </value>
            </param>
          </params>
          <reporter-output>
          </reporter-output>
        </test-method> <!-- status -->
        <test-method is-config="true" signature="startTest(java.lang.reflect.Method)[pri:0, instance:TestCases.ListApi@665e9289]" started-at="2023-01-31T22:58:57 IST" name="startTest" finished-at="2023-01-31T22:58:57 IST" duration-ms="2" status="PASS">
          <params>
            <param index="0">
              <value>
                <![CDATA[public void TestCases.ListApi.getList() throws java.lang.Exception]]>
              </value>
            </param>
          </params>
          <reporter-output>
          </reporter-output>
        </test-method> <!-- startTest -->
        <test-method signature="getList()[pri:4, instance:TestCases.ListApi@665e9289]" started-at="2023-01-31T22:58:57 IST" name="getList" finished-at="2023-01-31T22:58:57 IST" duration-ms="505" status="PASS">
          <reporter-output>
          </reporter-output>
        </test-method> <!-- getList -->
        <test-method is-config="true" signature="status(org.testng.ITestResult)[pri:0, instance:TestCases.ListApi@665e9289]" started-at="2023-01-31T22:58:57 IST" name="status" finished-at="2023-01-31T22:58:57 IST" duration-ms="43" status="PASS">
          <params>
            <param index="0">
              <value>
                <![CDATA[[TestResult name=getList status=SUCCESS method=ListApi.getList()[pri:4, instance:TestCases.ListApi@665e9289] output={null}]]]>
              </value>
            </param>
          </params>
          <reporter-output>
          </reporter-output>
        </test-method> <!-- status -->
        <test-method signature="deleteBoard()[pri:5, instance:TestCases.ListApi@665e9289]" started-at="2023-01-31T22:58:57 IST" name="deleteBoard" finished-at="2023-01-31T22:58:59 IST" duration-ms="1405" status="PASS">
          <reporter-output>
          </reporter-output>
        </test-method> <!-- deleteBoard -->
        <test-method is-config="true" signature="startTest(java.lang.reflect.Method)[pri:0, instance:TestCases.ListApi@665e9289]" started-at="2023-01-31T22:58:57 IST" name="startTest" finished-at="2023-01-31T22:58:57 IST" duration-ms="0" status="PASS">
          <params>
            <param index="0">
              <value>
                <![CDATA[public void TestCases.ListApi.deleteBoard() throws java.lang.Exception]]>
              </value>
            </param>
          </params>
          <reporter-output>
          </reporter-output>
        </test-method> <!-- startTest -->
        <test-method is-config="true" signature="status(org.testng.ITestResult)[pri:0, instance:TestCases.ListApi@665e9289]" started-at="2023-01-31T22:58:59 IST" name="status" finished-at="2023-01-31T22:58:59 IST" duration-ms="39" status="PASS">
          <params>
            <param index="0">
              <value>
                <![CDATA[[TestResult name=deleteBoard status=SUCCESS method=ListApi.deleteBoard()[pri:5, instance:TestCases.ListApi@665e9289] output={null}]]]>
              </value>
            </param>
          </params>
          <reporter-output>
          </reporter-output>
        </test-method> <!-- status -->
      </class> <!-- TestCases.ListApi -->
      <class name="TestCases.BoardApi">
        <test-method is-config="true" signature="startTest(java.lang.reflect.Method)[pri:0, instance:TestCases.BoardApi@47404bea]" started-at="2023-01-31T22:58:48 IST" name="startTest" finished-at="2023-01-31T22:58:48 IST" duration-ms="780" status="PASS">
          <params>
            <param index="0">
              <value>
                <![CDATA[public void TestCases.BoardApi.createBoard() throws java.lang.Exception]]>
              </value>
            </param>
          </params>
          <reporter-output>
          </reporter-output>
        </test-method> <!-- startTest -->
        <test-method signature="createBoard()[pri:1, instance:TestCases.BoardApi@47404bea]" started-at="2023-01-31T22:58:48 IST" name="createBoard" finished-at="2023-01-31T22:58:51 IST" duration-ms="2312" status="PASS">
          <reporter-output>
          </reporter-output>
        </test-method> <!-- createBoard -->
        <test-method is-config="true" signature="status(org.testng.ITestResult)[pri:0, instance:TestCases.BoardApi@47404bea]" started-at="2023-01-31T22:58:51 IST" name="status" finished-at="2023-01-31T22:58:51 IST" duration-ms="196" status="PASS">
          <params>
            <param index="0">
              <value>
                <![CDATA[[TestResult name=createBoard status=SUCCESS method=BoardApi.createBoard()[pri:1, instance:TestCases.BoardApi@47404bea] output={null}]]]>
              </value>
            </param>
          </params>
          <reporter-output>
          </reporter-output>
        </test-method> <!-- status -->
        <test-method is-config="true" signature="startTest(java.lang.reflect.Method)[pri:0, instance:TestCases.BoardApi@47404bea]" started-at="2023-01-31T22:58:51 IST" name="startTest" finished-at="2023-01-31T22:58:51 IST" duration-ms="1" status="PASS">
          <params>
            <param index="0">
              <value>
                <![CDATA[public void TestCases.BoardApi.getBoard() throws java.lang.Exception]]>
              </value>
            </param>
          </params>
          <reporter-output>
          </reporter-output>
        </test-method> <!-- startTest -->
        <test-method signature="getBoard()[pri:2, instance:TestCases.BoardApi@47404bea]" started-at="2023-01-31T22:58:51 IST" name="getBoard" finished-at="2023-01-31T22:58:52 IST" duration-ms="686" status="PASS">
          <reporter-output>
          </reporter-output>
        </test-method> <!-- getBoard -->
        <test-method is-config="true" signature="status(org.testng.ITestResult)[pri:0, instance:TestCases.BoardApi@47404bea]" started-at="2023-01-31T22:58:52 IST" name="status" finished-at="2023-01-31T22:58:52 IST" duration-ms="25" status="PASS">
          <params>
            <param index="0">
              <value>
                <![CDATA[[TestResult name=getBoard status=SUCCESS method=BoardApi.getBoard()[pri:2, instance:TestCases.BoardApi@47404bea] output={null}]]]>
              </value>
            </param>
          </params>
          <reporter-output>
          </reporter-output>
        </test-method> <!-- status -->
        <test-method signature="updateBoard()[pri:3, instance:TestCases.BoardApi@47404bea]" started-at="2023-01-31T22:58:52 IST" name="updateBoard" finished-at="2023-01-31T22:58:53 IST" duration-ms="923" status="PASS">
          <reporter-output>
          </reporter-output>
        </test-method> <!-- updateBoard -->
        <test-method is-config="true" signature="startTest(java.lang.reflect.Method)[pri:0, instance:TestCases.BoardApi@47404bea]" started-at="2023-01-31T22:58:52 IST" name="startTest" finished-at="2023-01-31T22:58:52 IST" duration-ms="0" status="PASS">
          <params>
            <param index="0">
              <value>
                <![CDATA[public void TestCases.BoardApi.updateBoard() throws java.lang.Exception]]>
              </value>
            </param>
          </params>
          <reporter-output>
          </reporter-output>
        </test-method> <!-- startTest -->
        <test-method is-config="true" signature="status(org.testng.ITestResult)[pri:0, instance:TestCases.BoardApi@47404bea]" started-at="2023-01-31T22:58:53 IST" name="status" finished-at="2023-01-31T22:58:53 IST" duration-ms="24" status="PASS">
          <params>
            <param index="0">
              <value>
                <![CDATA[[TestResult name=updateBoard status=SUCCESS method=BoardApi.updateBoard()[pri:3, instance:TestCases.BoardApi@47404bea] output={null}]]]>
              </value>
            </param>
          </params>
          <reporter-output>
          </reporter-output>
        </test-method> <!-- status -->
        <test-method signature="deleteBoard()[pri:4, instance:TestCases.BoardApi@47404bea]" started-at="2023-01-31T22:58:53 IST" name="deleteBoard" finished-at="2023-01-31T22:58:54 IST" duration-ms="1427" status="PASS">
          <reporter-output>
          </reporter-output>
        </test-method> <!-- deleteBoard -->
        <test-method is-config="true" signature="startTest(java.lang.reflect.Method)[pri:0, instance:TestCases.BoardApi@47404bea]" started-at="2023-01-31T22:58:53 IST" name="startTest" finished-at="2023-01-31T22:58:53 IST" duration-ms="0" status="PASS">
          <params>
            <param index="0">
              <value>
                <![CDATA[public void TestCases.BoardApi.deleteBoard() throws java.lang.Exception]]>
              </value>
            </param>
          </params>
          <reporter-output>
          </reporter-output>
        </test-method> <!-- startTest -->
        <test-method is-config="true" signature="status(org.testng.ITestResult)[pri:0, instance:TestCases.BoardApi@47404bea]" started-at="2023-01-31T22:58:54 IST" name="status" finished-at="2023-01-31T22:58:54 IST" duration-ms="23" status="PASS">
          <params>
            <param index="0">
              <value>
                <![CDATA[[TestResult name=deleteBoard status=SUCCESS method=BoardApi.deleteBoard()[pri:4, instance:TestCases.BoardApi@47404bea] output={null}]]]>
              </value>
            </param>
          </params>
          <reporter-output>
          </reporter-output>
        </test-method> <!-- status -->
      </class> <!-- TestCases.BoardApi -->
      <class name="TestCases.CardsApi">
        <test-method is-config="true" signature="startTest(java.lang.reflect.Method)[pri:0, instance:TestCases.CardsApi@7d3430a7]" started-at="2023-01-31T22:58:59 IST" name="startTest" finished-at="2023-01-31T22:58:59 IST" duration-ms="1" status="PASS">
          <params>
            <param index="0">
              <value>
                <![CDATA[public void TestCases.CardsApi.createBoard() throws java.lang.Exception]]>
              </value>
            </param>
          </params>
          <reporter-output>
          </reporter-output>
        </test-method> <!-- startTest -->
        <test-method signature="createBoard()[pri:0, instance:TestCases.CardsApi@7d3430a7]" started-at="2023-01-31T22:58:59 IST" name="createBoard" finished-at="2023-01-31T22:59:00 IST" duration-ms="992" status="PASS">
          <reporter-output>
          </reporter-output>
        </test-method> <!-- createBoard -->
        <test-method is-config="true" signature="status(org.testng.ITestResult)[pri:0, instance:TestCases.CardsApi@7d3430a7]" started-at="2023-01-31T22:59:00 IST" name="status" finished-at="2023-01-31T22:59:00 IST" duration-ms="41" status="PASS">
          <params>
            <param index="0">
              <value>
                <![CDATA[[TestResult name=createBoard status=SUCCESS method=CardsApi.createBoard()[pri:0, instance:TestCases.CardsApi@7d3430a7] output={null}]]]>
              </value>
            </param>
          </params>
          <reporter-output>
          </reporter-output>
        </test-method> <!-- status -->
        <test-method is-config="true" signature="startTest(java.lang.reflect.Method)[pri:0, instance:TestCases.CardsApi@7d3430a7]" started-at="2023-01-31T22:59:00 IST" name="startTest" finished-at="2023-01-31T22:59:00 IST" duration-ms="1" status="PASS">
          <params>
            <param index="0">
              <value>
                <![CDATA[public void TestCases.CardsApi.createListForCard() throws java.lang.Exception]]>
              </value>
            </param>
          </params>
          <reporter-output>
          </reporter-output>
        </test-method> <!-- startTest -->
        <test-method signature="createListForCard()[pri:1, instance:TestCases.CardsApi@7d3430a7]" started-at="2023-01-31T22:59:00 IST" name="createListForCard" finished-at="2023-01-31T22:59:01 IST" duration-ms="989" status="PASS">
          <reporter-output>
          </reporter-output>
        </test-method> <!-- createListForCard -->
        <test-method is-config="true" signature="status(org.testng.ITestResult)[pri:0, instance:TestCases.CardsApi@7d3430a7]" started-at="2023-01-31T22:59:01 IST" name="status" finished-at="2023-01-31T22:59:01 IST" duration-ms="38" status="PASS">
          <params>
            <param index="0">
              <value>
                <![CDATA[[TestResult name=createListForCard status=SUCCESS method=CardsApi.createListForCard()[pri:1, instance:TestCases.CardsApi@7d3430a7] output={null}]]]>
              </value>
            </param>
          </params>
          <reporter-output>
          </reporter-output>
        </test-method> <!-- status -->
        <test-method is-config="true" signature="startTest(java.lang.reflect.Method)[pri:0, instance:TestCases.CardsApi@7d3430a7]" started-at="2023-01-31T22:59:01 IST" name="startTest" finished-at="2023-01-31T22:59:01 IST" duration-ms="0" status="PASS">
          <params>
            <param index="0">
              <value>
                <![CDATA[public void TestCases.CardsApi.createCard() throws java.lang.Exception]]>
              </value>
            </param>
          </params>
          <reporter-output>
          </reporter-output>
        </test-method> <!-- startTest -->
        <test-method signature="createCard()[pri:2, instance:TestCases.CardsApi@7d3430a7]" started-at="2023-01-31T22:59:01 IST" name="createCard" finished-at="2023-01-31T22:59:02 IST" duration-ms="1494" status="PASS">
          <reporter-output>
          </reporter-output>
        </test-method> <!-- createCard -->
        <test-method is-config="true" signature="status(org.testng.ITestResult)[pri:0, instance:TestCases.CardsApi@7d3430a7]" started-at="2023-01-31T22:59:02 IST" name="status" finished-at="2023-01-31T22:59:02 IST" duration-ms="39" status="PASS">
          <params>
            <param index="0">
              <value>
                <![CDATA[[TestResult name=createCard status=SUCCESS method=CardsApi.createCard()[pri:2, instance:TestCases.CardsApi@7d3430a7] output={null}]]]>
              </value>
            </param>
          </params>
          <reporter-output>
          </reporter-output>
        </test-method> <!-- status -->
        <test-method is-config="true" signature="startTest(java.lang.reflect.Method)[pri:0, instance:TestCases.CardsApi@7d3430a7]" started-at="2023-01-31T22:59:02 IST" name="startTest" finished-at="2023-01-31T22:59:02 IST" duration-ms="1" status="PASS">
          <params>
            <param index="0">
              <value>
                <![CDATA[public void TestCases.CardsApi.updateCard() throws java.lang.Exception]]>
              </value>
            </param>
          </params>
          <reporter-output>
          </reporter-output>
        </test-method> <!-- startTest -->
        <test-method signature="updateCard()[pri:3, instance:TestCases.CardsApi@7d3430a7]" started-at="2023-01-31T22:59:02 IST" name="updateCard" finished-at="2023-01-31T22:59:03 IST" duration-ms="713" status="PASS">
          <reporter-output>
          </reporter-output>
        </test-method> <!-- updateCard -->
        <test-method is-config="true" signature="status(org.testng.ITestResult)[pri:0, instance:TestCases.CardsApi@7d3430a7]" started-at="2023-01-31T22:59:03 IST" name="status" finished-at="2023-01-31T22:59:03 IST" duration-ms="41" status="PASS">
          <params>
            <param index="0">
              <value>
                <![CDATA[[TestResult name=updateCard status=SUCCESS method=CardsApi.updateCard()[pri:3, instance:TestCases.CardsApi@7d3430a7] output={null}]]]>
              </value>
            </param>
          </params>
          <reporter-output>
          </reporter-output>
        </test-method> <!-- status -->
        <test-method is-config="true" signature="startTest(java.lang.reflect.Method)[pri:0, instance:TestCases.CardsApi@7d3430a7]" started-at="2023-01-31T22:59:03 IST" name="startTest" finished-at="2023-01-31T22:59:03 IST" duration-ms="2" status="PASS">
          <params>
            <param index="0">
              <value>
                <![CDATA[public void TestCases.CardsApi.getCard() throws java.lang.Exception]]>
              </value>
            </param>
          </params>
          <reporter-output>
          </reporter-output>
        </test-method> <!-- startTest -->
        <test-method signature="getCard()[pri:4, instance:TestCases.CardsApi@7d3430a7]" started-at="2023-01-31T22:59:03 IST" name="getCard" finished-at="2023-01-31T22:59:04 IST" duration-ms="693" status="PASS">
          <reporter-output>
          </reporter-output>
        </test-method> <!-- getCard -->
        <test-method is-config="true" signature="status(org.testng.ITestResult)[pri:0, instance:TestCases.CardsApi@7d3430a7]" started-at="2023-01-31T22:59:04 IST" name="status" finished-at="2023-01-31T22:59:04 IST" duration-ms="47" status="PASS">
          <params>
            <param index="0">
              <value>
                <![CDATA[[TestResult name=getCard status=SUCCESS method=CardsApi.getCard()[pri:4, instance:TestCases.CardsApi@7d3430a7] output={null}]]]>
              </value>
            </param>
          </params>
          <reporter-output>
          </reporter-output>
        </test-method> <!-- status -->
        <test-method is-config="true" signature="startTest(java.lang.reflect.Method)[pri:0, instance:TestCases.CardsApi@7d3430a7]" started-at="2023-01-31T22:59:04 IST" name="startTest" finished-at="2023-01-31T22:59:04 IST" duration-ms="3" status="PASS">
          <params>
            <param index="0">
              <value>
                <![CDATA[public void TestCases.CardsApi.deleteCard() throws java.lang.Exception]]>
              </value>
            </param>
          </params>
          <reporter-output>
          </reporter-output>
        </test-method> <!-- startTest -->
        <test-method signature="deleteCard()[pri:5, instance:TestCases.CardsApi@7d3430a7]" started-at="2023-01-31T22:59:04 IST" name="deleteCard" finished-at="2023-01-31T22:59:05 IST" duration-ms="995" status="PASS">
          <reporter-output>
          </reporter-output>
        </test-method> <!-- deleteCard -->
        <test-method is-config="true" signature="status(org.testng.ITestResult)[pri:0, instance:TestCases.CardsApi@7d3430a7]" started-at="2023-01-31T22:59:05 IST" name="status" finished-at="2023-01-31T22:59:05 IST" duration-ms="60" status="PASS">
          <params>
            <param index="0">
              <value>
                <![CDATA[[TestResult name=deleteCard status=SUCCESS method=CardsApi.deleteCard()[pri:5, instance:TestCases.CardsApi@7d3430a7] output={null}]]]>
              </value>
            </param>
          </params>
          <reporter-output>
          </reporter-output>
        </test-method> <!-- status -->
        <test-method is-config="true" signature="startTest(java.lang.reflect.Method)[pri:0, instance:TestCases.CardsApi@7d3430a7]" started-at="2023-01-31T22:59:05 IST" name="startTest" finished-at="2023-01-31T22:59:05 IST" duration-ms="2" status="PASS">
          <params>
            <param index="0">
              <value>
                <![CDATA[public void TestCases.CardsApi.deleteBoard() throws java.lang.Exception]]>
              </value>
            </param>
          </params>
          <reporter-output>
          </reporter-output>
        </test-method> <!-- startTest -->
        <test-method signature="deleteBoard()[pri:6, instance:TestCases.CardsApi@7d3430a7]" started-at="2023-01-31T22:59:05 IST" name="deleteBoard" finished-at="2023-01-31T22:59:06 IST" duration-ms="1442" status="PASS">
          <reporter-output>
          </reporter-output>
        </test-method> <!-- deleteBoard -->
        <test-method is-config="true" signature="status(org.testng.ITestResult)[pri:0, instance:TestCases.CardsApi@7d3430a7]" started-at="2023-01-31T22:59:06 IST" name="status" finished-at="2023-01-31T22:59:06 IST" duration-ms="39" status="PASS">
          <params>
            <param index="0">
              <value>
                <![CDATA[[TestResult name=deleteBoard status=SUCCESS method=CardsApi.deleteBoard()[pri:6, instance:TestCases.CardsApi@7d3430a7] output={null}]]]>
              </value>
            </param>
          </params>
          <reporter-output>
          </reporter-output>
        </test-method> <!-- status -->
      </class> <!-- TestCases.CardsApi -->
      <class name="TestCases.ChecklistApi">
        <test-method is-config="true" signature="startTest(java.lang.reflect.Method)[pri:0, instance:TestCases.ChecklistApi@6f603e89]" started-at="2023-01-31T22:59:06 IST" name="startTest" finished-at="2023-01-31T22:59:06 IST" duration-ms="2" status="PASS">
          <params>
            <param index="0">
              <value>
                <![CDATA[public void TestCases.ChecklistApi.createBoard() throws java.lang.Exception]]>
              </value>
            </param>
          </params>
          <reporter-output>
          </reporter-output>
        </test-method> <!-- startTest -->
        <test-method signature="createBoard()[pri:0, instance:TestCases.ChecklistApi@6f603e89]" started-at="2023-01-31T22:59:06 IST" name="createBoard" finished-at="2023-01-31T22:59:07 IST" duration-ms="1007" status="PASS">
          <reporter-output>
          </reporter-output>
        </test-method> <!-- createBoard -->
        <test-method is-config="true" signature="status(org.testng.ITestResult)[pri:0, instance:TestCases.ChecklistApi@6f603e89]" started-at="2023-01-31T22:59:07 IST" name="status" finished-at="2023-01-31T22:59:08 IST" duration-ms="36" status="PASS">
          <params>
            <param index="0">
              <value>
                <![CDATA[[TestResult name=createBoard status=SUCCESS method=ChecklistApi.createBoard()[pri:0, instance:TestCases.ChecklistApi@6f603e89] output={null}]]]>
              </value>
            </param>
          </params>
          <reporter-output>
          </reporter-output>
        </test-method> <!-- status -->
        <test-method is-config="true" signature="startTest(java.lang.reflect.Method)[pri:0, instance:TestCases.ChecklistApi@6f603e89]" started-at="2023-01-31T22:59:08 IST" name="startTest" finished-at="2023-01-31T22:59:08 IST" duration-ms="0" status="PASS">
          <params>
            <param index="0">
              <value>
                <![CDATA[public void TestCases.ChecklistApi.createListForCard() throws java.lang.Exception]]>
              </value>
            </param>
          </params>
          <reporter-output>
          </reporter-output>
        </test-method> <!-- startTest -->
        <test-method signature="createListForCard()[pri:1, instance:TestCases.ChecklistApi@6f603e89]" started-at="2023-01-31T22:59:08 IST" name="createListForCard" finished-at="2023-01-31T22:59:08 IST" duration-ms="610" status="PASS">
          <reporter-output>
          </reporter-output>
        </test-method> <!-- createListForCard -->
        <test-method is-config="true" signature="status(org.testng.ITestResult)[pri:0, instance:TestCases.ChecklistApi@6f603e89]" started-at="2023-01-31T22:59:08 IST" name="status" finished-at="2023-01-31T22:59:08 IST" duration-ms="40" status="PASS">
          <params>
            <param index="0">
              <value>
                <![CDATA[[TestResult name=createListForCard status=SUCCESS method=ChecklistApi.createListForCard()[pri:1, instance:TestCases.ChecklistApi@6f603e89] output={null}]]]>
              </value>
            </param>
          </params>
          <reporter-output>
          </reporter-output>
        </test-method> <!-- status -->
        <test-method is-config="true" signature="startTest(java.lang.reflect.Method)[pri:0, instance:TestCases.ChecklistApi@6f603e89]" started-at="2023-01-31T22:59:08 IST" name="startTest" finished-at="2023-01-31T22:59:08 IST" duration-ms="1" status="PASS">
          <params>
            <param index="0">
              <value>
                <![CDATA[public void TestCases.ChecklistApi.createCard() throws java.lang.Exception]]>
              </value>
            </param>
          </params>
          <reporter-output>
          </reporter-output>
        </test-method> <!-- startTest -->
        <test-method signature="createCard()[pri:2, instance:TestCases.ChecklistApi@6f603e89]" started-at="2023-01-31T22:59:08 IST" name="createCard" finished-at="2023-01-31T22:59:09 IST" duration-ms="863" status="PASS">
          <reporter-output>
          </reporter-output>
        </test-method> <!-- createCard -->
        <test-method is-config="true" signature="status(org.testng.ITestResult)[pri:0, instance:TestCases.ChecklistApi@6f603e89]" started-at="2023-01-31T22:59:09 IST" name="status" finished-at="2023-01-31T22:59:09 IST" duration-ms="39" status="PASS">
          <params>
            <param index="0">
              <value>
                <![CDATA[[TestResult name=createCard status=SUCCESS method=ChecklistApi.createCard()[pri:2, instance:TestCases.ChecklistApi@6f603e89] output={null}]]]>
              </value>
            </param>
          </params>
          <reporter-output>
          </reporter-output>
        </test-method> <!-- status -->
        <test-method is-config="true" signature="startTest(java.lang.reflect.Method)[pri:0, instance:TestCases.ChecklistApi@6f603e89]" started-at="2023-01-31T22:59:09 IST" name="startTest" finished-at="2023-01-31T22:59:09 IST" duration-ms="1" status="PASS">
          <params>
            <param index="0">
              <value>
                <![CDATA[public void TestCases.ChecklistApi.createChecklist() throws java.lang.Exception]]>
              </value>
            </param>
          </params>
          <reporter-output>
          </reporter-output>
        </test-method> <!-- startTest -->
        <test-method signature="createChecklist()[pri:3, instance:TestCases.ChecklistApi@6f603e89]" started-at="2023-01-31T22:59:09 IST" name="createChecklist" finished-at="2023-01-31T22:59:10 IST" duration-ms="966" status="PASS">
          <reporter-output>
          </reporter-output>
        </test-method> <!-- createChecklist -->
        <test-method is-config="true" signature="status(org.testng.ITestResult)[pri:0, instance:TestCases.ChecklistApi@6f603e89]" started-at="2023-01-31T22:59:10 IST" name="status" finished-at="2023-01-31T22:59:10 IST" duration-ms="44" status="PASS">
          <params>
            <param index="0">
              <value>
                <![CDATA[[TestResult name=createChecklist status=SUCCESS method=ChecklistApi.createChecklist()[pri:3, instance:TestCases.ChecklistApi@6f603e89] output={null}]]]>
              </value>
            </param>
          </params>
          <reporter-output>
          </reporter-output>
        </test-method> <!-- status -->
        <test-method is-config="true" signature="startTest(java.lang.reflect.Method)[pri:0, instance:TestCases.ChecklistApi@6f603e89]" started-at="2023-01-31T22:59:10 IST" name="startTest" finished-at="2023-01-31T22:59:10 IST" duration-ms="1" status="PASS">
          <params>
            <param index="0">
              <value>
                <![CDATA[public void TestCases.ChecklistApi.updateChecklistist() throws java.lang.Exception]]>
              </value>
            </param>
          </params>
          <reporter-output>
          </reporter-output>
        </test-method> <!-- startTest -->
        <test-method signature="updateChecklistist()[pri:4, instance:TestCases.ChecklistApi@6f603e89]" started-at="2023-01-31T22:59:10 IST" name="updateChecklistist" finished-at="2023-01-31T22:59:11 IST" duration-ms="956" status="PASS">
          <reporter-output>
          </reporter-output>
        </test-method> <!-- updateChecklistist -->
        <test-method is-config="true" signature="status(org.testng.ITestResult)[pri:0, instance:TestCases.ChecklistApi@6f603e89]" started-at="2023-01-31T22:59:11 IST" name="status" finished-at="2023-01-31T22:59:11 IST" duration-ms="33" status="PASS">
          <params>
            <param index="0">
              <value>
                <![CDATA[[TestResult name=updateChecklistist status=SUCCESS method=ChecklistApi.updateChecklistist()[pri:4, instance:TestCases.ChecklistApi@6f603e89] output={null}]]]>
              </value>
            </param>
          </params>
          <reporter-output>
          </reporter-output>
        </test-method> <!-- status -->
        <test-method is-config="true" signature="startTest(java.lang.reflect.Method)[pri:0, instance:TestCases.ChecklistApi@6f603e89]" started-at="2023-01-31T22:59:11 IST" name="startTest" finished-at="2023-01-31T22:59:11 IST" duration-ms="0" status="PASS">
          <params>
            <param index="0">
              <value>
                <![CDATA[public void TestCases.ChecklistApi.getChecklist() throws java.lang.Exception]]>
              </value>
            </param>
          </params>
          <reporter-output>
          </reporter-output>
        </test-method> <!-- startTest -->
        <test-method signature="getChecklist()[pri:5, instance:TestCases.ChecklistApi@6f603e89]" started-at="2023-01-31T22:59:11 IST" name="getChecklist" finished-at="2023-01-31T22:59:12 IST" duration-ms="559" status="PASS">
          <reporter-output>
          </reporter-output>
        </test-method> <!-- getChecklist -->
        <test-method is-config="true" signature="status(org.testng.ITestResult)[pri:0, instance:TestCases.ChecklistApi@6f603e89]" started-at="2023-01-31T22:59:12 IST" name="status" finished-at="2023-01-31T22:59:12 IST" duration-ms="30" status="PASS">
          <params>
            <param index="0">
              <value>
                <![CDATA[[TestResult name=getChecklist status=SUCCESS method=ChecklistApi.getChecklist()[pri:5, instance:TestCases.ChecklistApi@6f603e89] output={null}]]]>
              </value>
            </param>
          </params>
          <reporter-output>
          </reporter-output>
        </test-method> <!-- status -->
        <test-method is-config="true" signature="startTest(java.lang.reflect.Method)[pri:0, instance:TestCases.ChecklistApi@6f603e89]" started-at="2023-01-31T22:59:12 IST" name="startTest" finished-at="2023-01-31T22:59:12 IST" duration-ms="1" status="PASS">
          <params>
            <param index="0">
              <value>
                <![CDATA[public void TestCases.ChecklistApi.deleteCard() throws java.lang.Exception]]>
              </value>
            </param>
          </params>
          <reporter-output>
          </reporter-output>
        </test-method> <!-- startTest -->
        <test-method signature="deleteCard()[pri:6, instance:TestCases.ChecklistApi@6f603e89]" started-at="2023-01-31T22:59:12 IST" name="deleteCard" finished-at="2023-01-31T22:59:13 IST" duration-ms="905" status="PASS">
          <reporter-output>
          </reporter-output>
        </test-method> <!-- deleteCard -->
        <test-method is-config="true" signature="status(org.testng.ITestResult)[pri:0, instance:TestCases.ChecklistApi@6f603e89]" started-at="2023-01-31T22:59:13 IST" name="status" finished-at="2023-01-31T22:59:13 IST" duration-ms="44" status="PASS">
          <params>
            <param index="0">
              <value>
                <![CDATA[[TestResult name=deleteCard status=SUCCESS method=ChecklistApi.deleteCard()[pri:6, instance:TestCases.ChecklistApi@6f603e89] output={null}]]]>
              </value>
            </param>
          </params>
          <reporter-output>
          </reporter-output>
        </test-method> <!-- status -->
        <test-method is-config="true" signature="startTest(java.lang.reflect.Method)[pri:0, instance:TestCases.ChecklistApi@6f603e89]" started-at="2023-01-31T22:59:13 IST" name="startTest" finished-at="2023-01-31T22:59:13 IST" duration-ms="2" status="PASS">
          <params>
            <param index="0">
              <value>
                <![CDATA[public void TestCases.ChecklistApi.deleteBoard() throws java.lang.Exception]]>
              </value>
            </param>
          </params>
          <reporter-output>
          </reporter-output>
        </test-method> <!-- startTest -->
        <test-method signature="deleteBoard()[pri:7, instance:TestCases.ChecklistApi@6f603e89]" started-at="2023-01-31T22:59:13 IST" name="deleteBoard" finished-at="2023-01-31T22:59:14 IST" duration-ms="1546" status="PASS">
          <reporter-output>
          </reporter-output>
        </test-method> <!-- deleteBoard -->
        <test-method is-config="true" signature="status(org.testng.ITestResult)[pri:0, instance:TestCases.ChecklistApi@6f603e89]" started-at="2023-01-31T22:59:14 IST" name="status" finished-at="2023-01-31T22:59:14 IST" duration-ms="32" status="PASS">
          <params>
            <param index="0">
              <value>
                <![CDATA[[TestResult name=deleteBoard status=SUCCESS method=ChecklistApi.deleteBoard()[pri:7, instance:TestCases.ChecklistApi@6f603e89] output={null}]]]>
              </value>
            </param>
          </params>
          <reporter-output>
          </reporter-output>
        </test-method> <!-- status -->
      </class> <!-- TestCases.ChecklistApi -->
    </test> <!-- Integration -->
  </suite> <!-- Trello -->
</testng-results>
