<?xml version="1.0" encoding="UTF-8"?>
<testsuite xmlns:xsi="http://www.w3.org/2001/XMLSchema-instance" xsi:noNamespaceSchemaLocation="https://maven.apache.org/surefire/maven-surefire-plugin/xsd/surefire-test-report.xsd" name="TestSuite" time="27.976" tests="25" errors="0" skipped="0" failures="0">
  <properties>
[...]
</properties>
  <testcase name="createBoard" classname="TestCases.BoardApi" time="2.314"/>
  <testcase name="getBoard" classname="TestCases.BoardApi" time="0.687"/>
  <testcase name="updateBoard" classname="TestCases.BoardApi" time="0.923"/>
  <testcase name="deleteBoard" classname="TestCases.BoardApi" time="1.428"/>
  <testcase name="createBoard" classname="TestCases.ListApi" time="0.754"/>
  <testcase name="createList" classname="TestCases.ListApi" time="0.666"/>
  <testcase name="NegativeTestCase_updateList" classname="TestCases.ListApi" time="0.587"/>
  <testcase name="updateList" classname="TestCases.ListApi" time="0.538"/>
  <testcase name="getList" classname="TestCases.ListApi" time="0.508"/>
  <testcase name="deleteBoard" classname="TestCases.ListApi" time="1.408"/>
  <testcase name="createBoard" classname="TestCases.CardsApi" time="0.992"/>
  <testcase name="createListForCard" classname="TestCases.CardsApi" time="0.99"/>
  <testcase name="createCard" classname="TestCases.CardsApi" time="1.494"/>
  <testcase name="updateCard" classname="TestCases.CardsApi" time="0.715"/>
  <testcase name="getCard" classname="TestCases.CardsApi" time="0.699"/>
  <testcase name="deleteCard" classname="TestCases.CardsApi" time="0.996"/>
  <testcase name="deleteBoard" classname="TestCases.CardsApi" time="1.444"/>
  <testcase name="createBoard" classname="TestCases.ChecklistApi" time="1.008"/>
  <testcase name="createListForCard" classname="TestCases.ChecklistApi" time="0.611"/>
  <testcase name="createCard" classname="TestCases.ChecklistApi" time="0.864"/>
  <testcase name="createChecklist" classname="TestCases.ChecklistApi" time="0.966"/>
  <testcase name="updateChecklistist" classname="TestCases.ChecklistApi" time="0.958"/>
  <testcase name="getChecklist" classname="TestCases.ChecklistApi" time="0.56"/>
  <testcase name="deleteCard" classname="TestCases.ChecklistApi" time="0.909"/>
  <testcase name="deleteBoard" classname="TestCases.ChecklistApi" time="1.549"/>
</testsuite>