<?xml version="1.0" encoding="UTF-8"?>
<testng-results ignored="0" total="25" passed="25" failed="0" skipped="0">
  <reporter-output>
  </reporter-output>
  <suite started-at="2023-09-23T20:34:05 IST" name="Trello" finished-at="2023-09-23T20:34:36 IST" duration-ms="30710">
    <groups>
    </groups>
    <test started-at="2023-09-23T20:34:05 IST" name="Integration" finished-at="2023-09-23T20:34:36 IST" duration-ms="30710">
      <class name="TestCases.ListApi">
        <test-method signature="createBoard()[pri:0, instance:TestCases.ListApi@1d71006f]" started-at="2023-09-23T20:34:13 IST" name="createBoard" finished-at="2023-09-23T20:34:14 IST" duration-ms="1028" status="PASS">
          <reporter-output>
          </reporter-output>
        </test-method> <!-- createBoard -->
        <test-method is-config="true" signature="startTest(java.lang.reflect.Method)[pri:0, instance:TestCases.ListApi@1d71006f]" started-at="2023-09-23T20:34:13 IST" name="startTest" finished-at="2023-09-23T20:34:13 IST" duration-ms="0" status="PASS">
          <params>
            <param index="0">
              <value>
                <![CDATA[public void TestCases.ListApi.createBoard() throws java.lang.Exception]]>
              </value>
            </param>
          </params>
          <reporter-output>
          </reporter-output>
        </test-method> <!-- startTest -->
        <test-method is-config="true" signature="status(org.testng.ITestResult)[pri:0, instance:TestCases.ListApi@1d71006f]" started-at="2023-09-23T20:34:14 IST" name="status" finished-at="2023-09-23T20:34:14 IST" duration-ms="16" status="PASS">
          <params>
            <param index="0">
              <value>
                <![CDATA[[TestResult name=createBoard status=SUCCESS method=ListApi.createBoard()[pri:0, instance:TestCases.ListApi@1d71006f] output={null}]]]>
              </value>
            </param>
          </params>
          <reporter-output>
          </reporter-output>
        </test-method> <!-- status -->
        <test-method signature="createList()[pri:1, instance:TestCases.ListApi@1d71006f]" started-at="2023-09-23T20:34:14 IST" name="createList" finished-at="2023-09-23T20:34:15 IST" duration-ms="1643" status="PASS">
          <reporter-output>
          </reporter-output>
        </test-method> <!-- createList -->
        <test-method is-config="true" signature="startTest(java.lang.reflect.Method)[pri:0, instance:TestCases.ListApi@1d71006f]" started-at="2023-09-23T20:34:14 IST" name="startTest" finished-at="2023-09-23T20:34:14 IST" duration-ms="0" status="PASS">
          <params>
            <param index="0">
              <value>
                <![CDATA[public void TestCases.ListApi.createList() throws java.lang.Exception]]>
              </value>
            </param>
          </params>
          <reporter-output>
          </reporter-output>
        </test-method> <!-- startTest -->
        <test-method is-config="true" signature="status(org.testng.ITestResult)[pri:0, instance:TestCases.ListApi@1d71006f]" started-at="2023-09-23T20:34:15 IST" name="status" finished-at="2023-09-23T20:34:15 IST" duration-ms="15" status="PASS">
          <params>
            <param index="0">
              <value>
                <![CDATA[[TestResult name=createList status=SUCCESS method=ListApi.createList()[pri:1, instance:TestCases.ListApi@1d71006f] output={null}]]]>
              </value>
            </param>
          </params>
          <reporter-output>
          </reporter-output>
        </test-method> <!-- status -->
        <test-method signature="NegativeTestCase_updateList()[pri:2, instance:TestCases.ListApi@1d71006f]" started-at="2023-09-23T20:34:15 IST" name="NegativeTestCase_updateList" finished-at="2023-09-23T20:34:16 IST" duration-ms="937" status="PASS">
          <reporter-output>
          </reporter-output>
        </test-method> <!-- NegativeTestCase_updateList -->
        <test-method is-config="true" signature="startTest(java.lang.reflect.Method)[pri:0, instance:TestCases.ListApi@1d71006f]" started-at="2023-09-23T20:34:15 IST" name="startTest" finished-at="2023-09-23T20:34:15 IST" duration-ms="0" status="PASS">
          <params>
            <param index="0">
              <value>
                <![CDATA[public void TestCases.ListApi.NegativeTestCase_updateList() throws java.lang.Exception]]>
              </value>
            </param>
          </params>
          <reporter-output>
          </reporter-output>
        </test-method> <!-- startTest -->
        <test-method is-config="true" signature="status(org.testng.ITestResult)[pri:0, instance:TestCases.ListApi@1d71006f]" started-at="2023-09-23T20:34:16 IST" name="status" finished-at="2023-09-23T20:34:16 IST" duration-ms="16" status="PASS">
          <params>
            <param index="0">
              <value>
                <![CDATA[[TestResult name=NegativeTestCase_updateList status=SUCCESS method=ListApi.NegativeTestCase_updateList()[pri:2, instance:TestCases.ListApi@1d71006f] output={null}]]]>
              </value>
            </param>
          </params>
          <reporter-output>
          </reporter-output>
        </test-method> <!-- status -->
        <test-method signature="updateList()[pri:3, instance:TestCases.ListApi@1d71006f]" started-at="2023-09-23T20:34:16 IST" name="updateList" finished-at="2023-09-23T20:34:17 IST" duration-ms="802" status="PASS">
          <reporter-output>
          </reporter-output>
        </test-method> <!-- updateList -->
        <test-method is-config="true" signature="startTest(java.lang.reflect.Method)[pri:0, instance:TestCases.ListApi@1d71006f]" started-at="2023-09-23T20:34:16 IST" name="startTest" finished-at="2023-09-23T20:34:16 IST" duration-ms="0" status="PASS">
          <params>
            <param index="0">
              <value>
                <![CDATA[public void TestCases.ListApi.updateList() throws java.lang.Exception]]>
              </value>
            </param>
          </params>
          <reporter-output>
          </reporter-output>
        </test-method> <!-- startTest -->
        <test-method is-config="true" signature="status(org.testng.ITestResult)[pri:0, instance:TestCases.ListApi@1d71006f]" started-at="2023-09-23T20:34:17 IST" name="status" finished-at="2023-09-23T20:34:17 IST" duration-ms="0" status="PASS">
          <params>
            <param index="0">
              <value>
                <![CDATA[[TestResult name=updateList status=SUCCESS method=ListApi.updateList()[pri:3, instance:TestCases.ListApi@1d71006f] output={null}]]]>
              </value>
            </param>
          </params>
          <reporter-output>
          </reporter-output>
        </test-method> <!-- status -->
        <test-method is-config="true" signature="startTest(java.lang.reflect.Method)[pri:0, instance:TestCases.ListApi@1d71006f]" started-at="2023-09-23T20:34:17 IST" name="startTest" finished-at="2023-09-23T20:34:17 IST" duration-ms="16" status="PASS">
          <params>
            <param index="0">
              <value>
                <![CDATA[public void TestCases.ListApi.getList() throws java.lang.Exception]]>
              </value>
            </param>
          </params>
          <reporter-output>
          </reporter-output>
        </test-method> <!-- startTest -->
        <test-method signature="getList()[pri:4, instance:TestCases.ListApi@1d71006f]" started-at="2023-09-23T20:34:17 IST" name="getList" finished-at="2023-09-23T20:34:19 IST" duration-ms="1708" status="PASS">
          <reporter-output>
          </reporter-output>
        </test-method> <!-- getList -->
        <test-method is-config="true" signature="status(org.testng.ITestResult)[pri:0, instance:TestCases.ListApi@1d71006f]" started-at="2023-09-23T20:34:19 IST" name="status" finished-at="2023-09-23T20:34:19 IST" duration-ms="16" status="PASS">
          <params>
            <param index="0">
              <value>
                <![CDATA[[TestResult name=getList status=SUCCESS method=ListApi.getList()[pri:4, instance:TestCases.ListApi@1d71006f] output={null}]]]>
              </value>
            </param>
          </params>
          <reporter-output>
          </reporter-output>
        </test-method> <!-- status -->
        <test-method signature="deleteBoard()[pri:5, instance:TestCases.ListApi@1d71006f]" started-at="2023-09-23T20:34:19 IST" name="deleteBoard" finished-at="2023-09-23T20:34:21 IST" duration-ms="2030" status="PASS">
          <reporter-output>
          </reporter-output>
        </test-method> <!-- deleteBoard -->
        <test-method is-config="true" signature="startTest(java.lang.reflect.Method)[pri:0, instance:TestCases.ListApi@1d71006f]" started-at="2023-09-23T20:34:19 IST" name="startTest" finished-at="2023-09-23T20:34:19 IST" duration-ms="0" status="PASS">
          <params>
            <param index="0">
              <value>
                <![CDATA[public void TestCases.ListApi.deleteBoard() throws java.lang.Exception]]>
              </value>
            </param>
          </params>
          <reporter-output>
          </reporter-output>
        </test-method> <!-- startTest -->
        <test-method is-config="true" signature="status(org.testng.ITestResult)[pri:0, instance:TestCases.ListApi@1d71006f]" started-at="2023-09-23T20:34:21 IST" name="status" finished-at="2023-09-23T20:34:21 IST" duration-ms="31" status="PASS">
          <params>
            <param index="0">
              <value>
                <![CDATA[[TestResult name=deleteBoard status=SUCCESS method=ListApi.deleteBoard()[pri:5, instance:TestCases.ListApi@1d71006f] output={null}]]]>
              </value>
            </param>
          </params>
          <reporter-output>
          </reporter-output>
        </test-method> <!-- status -->
      </class> <!-- TestCases.ListApi -->
      <class name="TestCases.BoardApi">
        <test-method is-config="true" signature="startTest(java.lang.reflect.Method)[pri:0, instance:TestCases.BoardApi@5b970f7]" started-at="2023-09-23T20:34:06 IST" name="startTest" finished-at="2023-09-23T20:34:06 IST" duration-ms="773" status="PASS">
          <params>
            <param index="0">
              <value>
                <![CDATA[public void TestCases.BoardApi.createBoard() throws java.lang.Exception]]>
              </value>
            </param>
          </params>
          <reporter-output>
          </reporter-output>
        </test-method> <!-- startTest -->
        <test-method signature="createBoard()[pri:1, instance:TestCases.BoardApi@5b970f7]" started-at="2023-09-23T20:34:06 IST" name="createBoard" finished-at="2023-09-23T20:34:09 IST" duration-ms="2303" status="PASS">
          <reporter-output>
          </reporter-output>
        </test-method> <!-- createBoard -->
        <test-method is-config="true" signature="status(org.testng.ITestResult)[pri:0, instance:TestCases.BoardApi@5b970f7]" started-at="2023-09-23T20:34:09 IST" name="status" finished-at="2023-09-23T20:34:09 IST" duration-ms="189" status="PASS">
          <params>
            <param index="0">
              <value>
                <![CDATA[[TestResult name=createBoard status=SUCCESS method=BoardApi.createBoard()[pri:1, instance:TestCases.BoardApi@5b970f7] output={null}]]]>
              </value>
            </param>
          </params>
          <reporter-output>
          </reporter-output>
        </test-method> <!-- status -->
        <test-method signature="getBoard()[pri:2, instance:TestCases.BoardApi@5b970f7]" started-at="2023-09-23T20:34:09 IST" name="getBoard" finished-at="2023-09-23T20:34:10 IST" duration-ms="1430" status="PASS">
          <reporter-output>
          </reporter-output>
        </test-method> <!-- getBoard -->
        <test-method is-config="true" signature="startTest(java.lang.reflect.Method)[pri:0, instance:TestCases.BoardApi@5b970f7]" started-at="2023-09-23T20:34:09 IST" name="startTest" finished-at="2023-09-23T20:34:09 IST" duration-ms="0" status="PASS">
          <params>
            <param index="0">
              <value>
                <![CDATA[public void TestCases.BoardApi.getBoard() throws java.lang.Exception]]>
              </value>
            </param>
          </params>
          <reporter-output>
          </reporter-output>
        </test-method> <!-- startTest -->
        <test-method is-config="true" signature="status(org.testng.ITestResult)[pri:0, instance:TestCases.BoardApi@5b970f7]" started-at="2023-09-23T20:34:10 IST" name="status" finished-at="2023-09-23T20:34:10 IST" duration-ms="16" status="PASS">
          <params>
            <param index="0">
              <value>
                <![CDATA[[TestResult name=getBoard status=SUCCESS method=BoardApi.getBoard()[pri:2, instance:TestCases.BoardApi@5b970f7] output={null}]]]>
              </value>
            </param>
          </params>
          <reporter-output>
          </reporter-output>
        </test-method> <!-- status -->
        <test-method signature="updateBoard()[pri:3, instance:TestCases.BoardApi@5b970f7]" started-at="2023-09-23T20:34:10 IST" name="updateBoard" finished-at="2023-09-23T20:34:11 IST" duration-ms="816" status="PASS">
          <reporter-output>
          </reporter-output>
        </test-method> <!-- updateBoard -->
        <test-method is-config="true" signature="startTest(java.lang.reflect.Method)[pri:0, instance:TestCases.BoardApi@5b970f7]" started-at="2023-09-23T20:34:10 IST" name="startTest" finished-at="2023-09-23T20:34:10 IST" duration-ms="0" status="PASS">
          <params>
            <param index="0">
              <value>
                <![CDATA[public void TestCases.BoardApi.updateBoard() throws java.lang.Exception]]>
              </value>
            </param>
          </params>
          <reporter-output>
          </reporter-output>
        </test-method> <!-- startTest -->
        <test-method is-config="true" signature="status(org.testng.ITestResult)[pri:0, instance:TestCases.BoardApi@5b970f7]" started-at="2023-09-23T20:34:11 IST" name="status" finished-at="2023-09-23T20:34:11 IST" duration-ms="16" status="PASS">
          <params>
            <param index="0">
              <value>
                <![CDATA[[TestResult name=updateBoard status=SUCCESS method=BoardApi.updateBoard()[pri:3, instance:TestCases.BoardApi@5b970f7] output={null}]]]>
              </value>
            </param>
          </params>
          <reporter-output>
          </reporter-output>
        </test-method> <!-- status -->
        <test-method signature="deleteBoard()[pri:4, instance:TestCases.BoardApi@5b970f7]" started-at="2023-09-23T20:34:11 IST" name="deleteBoard" finished-at="2023-09-23T20:34:13 IST" duration-ms="1485" status="PASS">
          <reporter-output>
          </reporter-output>
        </test-method> <!-- deleteBoard -->
        <test-method is-config="true" signature="startTest(java.lang.reflect.Method)[pri:0, instance:TestCases.BoardApi@5b970f7]" started-at="2023-09-23T20:34:11 IST" name="startTest" finished-at="2023-09-23T20:34:11 IST" duration-ms="0" status="PASS">
          <params>
            <param index="0">
              <value>
                <![CDATA[public void TestCases.BoardApi.deleteBoard() throws java.lang.Exception]]>
              </value>
            </param>
          </params>
          <reporter-output>
          </reporter-output>
        </test-method> <!-- startTest -->
        <test-method is-config="true" signature="status(org.testng.ITestResult)[pri:0, instance:TestCases.BoardApi@5b970f7]" started-at="2023-09-23T20:34:13 IST" name="status" finished-at="2023-09-23T20:34:13 IST" duration-ms="29" status="PASS">
          <params>
            <param index="0">
              <value>
                <![CDATA[[TestResult name=deleteBoard status=SUCCESS method=BoardApi.deleteBoard()[pri:4, instance:TestCases.BoardApi@5b970f7] output={null}]]]>
              </value>
            </param>
          </params>
          <reporter-output>
          </reporter-output>
        </test-method> <!-- status -->
      </class> <!-- TestCases.BoardApi -->
      <class name="TestCases.CardsApi">
        <test-method signature="createBoard()[pri:0, instance:TestCases.CardsApi@5b6813df]" started-at="2023-09-23T20:34:21 IST" name="createBoard" finished-at="2023-09-23T20:34:22 IST" duration-ms="1026" status="PASS">
          <reporter-output>
          </reporter-output>
        </test-method> <!-- createBoard -->
        <test-method is-config="true" signature="startTest(java.lang.reflect.Method)[pri:0, instance:TestCases.CardsApi@5b6813df]" started-at="2023-09-23T20:34:21 IST" name="startTest" finished-at="2023-09-23T20:34:21 IST" duration-ms="0" status="PASS">
          <params>
            <param index="0">
              <value>
                <![CDATA[public void TestCases.CardsApi.createBoard() throws java.lang.Exception]]>
              </value>
            </param>
          </params>
          <reporter-output>
          </reporter-output>
        </test-method> <!-- startTest -->
        <test-method is-config="true" signature="status(org.testng.ITestResult)[pri:0, instance:TestCases.CardsApi@5b6813df]" started-at="2023-09-23T20:34:22 IST" name="status" finished-at="2023-09-23T20:34:22 IST" duration-ms="16" status="PASS">
          <params>
            <param index="0">
              <value>
                <![CDATA[[TestResult name=createBoard status=SUCCESS method=CardsApi.createBoard()[pri:0, instance:TestCases.CardsApi@5b6813df] output={null}]]]>
              </value>
            </param>
          </params>
          <reporter-output>
          </reporter-output>
        </test-method> <!-- status -->
        <test-method signature="createListForCard()[pri:1, instance:TestCases.CardsApi@5b6813df]" started-at="2023-09-23T20:34:22 IST" name="createListForCard" finished-at="2023-09-23T20:34:23 IST" duration-ms="1191" status="PASS">
          <reporter-output>
          </reporter-output>
        </test-method> <!-- createListForCard -->
        <test-method is-config="true" signature="startTest(java.lang.reflect.Method)[pri:0, instance:TestCases.CardsApi@5b6813df]" started-at="2023-09-23T20:34:22 IST" name="startTest" finished-at="2023-09-23T20:34:22 IST" duration-ms="0" status="PASS">
          <params>
            <param index="0">
              <value>
                <![CDATA[public void TestCases.CardsApi.createListForCard() throws java.lang.Exception]]>
              </value>
            </param>
          </params>
          <reporter-output>
          </reporter-output>
        </test-method> <!-- startTest -->
        <test-method is-config="true" signature="status(org.testng.ITestResult)[pri:0, instance:TestCases.CardsApi@5b6813df]" started-at="2023-09-23T20:34:23 IST" name="status" finished-at="2023-09-23T20:34:23 IST" duration-ms="16" status="PASS">
          <params>
            <param index="0">
              <value>
                <![CDATA[[TestResult name=createListForCard status=SUCCESS method=CardsApi.createListForCard()[pri:1, instance:TestCases.CardsApi@5b6813df] output={null}]]]>
              </value>
            </param>
          </params>
          <reporter-output>
          </reporter-output>
        </test-method> <!-- status -->
        <test-method signature="createCard()[pri:2, instance:TestCases.CardsApi@5b6813df]" started-at="2023-09-23T20:34:23 IST" name="createCard" finished-at="2023-09-23T20:34:24 IST" duration-ms="872" status="PASS">
          <reporter-output>
          </reporter-output>
        </test-method> <!-- createCard -->
        <test-method is-config="true" signature="startTest(java.lang.reflect.Method)[pri:0, instance:TestCases.CardsApi@5b6813df]" started-at="2023-09-23T20:34:23 IST" name="startTest" finished-at="2023-09-23T20:34:23 IST" duration-ms="0" status="PASS">
          <params>
            <param index="0">
              <value>
                <![CDATA[public void TestCases.CardsApi.createCard() throws java.lang.Exception]]>
              </value>
            </param>
          </params>
          <reporter-output>
          </reporter-output>
        </test-method> <!-- startTest -->
        <test-method is-config="true" signature="status(org.testng.ITestResult)[pri:0, instance:TestCases.CardsApi@5b6813df]" started-at="2023-09-23T20:34:24 IST" name="status" finished-at="2023-09-23T20:34:24 IST" duration-ms="15" status="PASS">
          <params>
            <param index="0">
              <value>
                <![CDATA[[TestResult name=createCard status=SUCCESS method=CardsApi.createCard()[pri:2, instance:TestCases.CardsApi@5b6813df] output={null}]]]>
              </value>
            </param>
          </params>
          <reporter-output>
          </reporter-output>
        </test-method> <!-- status -->
        <test-method signature="updateCard()[pri:3, instance:TestCases.CardsApi@5b6813df]" started-at="2023-09-23T20:34:24 IST" name="updateCard" finished-at="2023-09-23T20:34:25 IST" duration-ms="755" status="PASS">
          <reporter-output>
          </reporter-output>
        </test-method> <!-- updateCard -->
        <test-method is-config="true" signature="startTest(java.lang.reflect.Method)[pri:0, instance:TestCases.CardsApi@5b6813df]" started-at="2023-09-23T20:34:24 IST" name="startTest" finished-at="2023-09-23T20:34:24 IST" duration-ms="0" status="PASS">
          <params>
            <param index="0">
              <value>
                <![CDATA[public void TestCases.CardsApi.updateCard() throws java.lang.Exception]]>
              </value>
            </param>
          </params>
          <reporter-output>
          </reporter-output>
        </test-method> <!-- startTest -->
        <test-method is-config="true" signature="status(org.testng.ITestResult)[pri:0, instance:TestCases.CardsApi@5b6813df]" started-at="2023-09-23T20:34:25 IST" name="status" finished-at="2023-09-23T20:34:25 IST" duration-ms="19" status="PASS">
          <params>
            <param index="0">
              <value>
                <![CDATA[[TestResult name=updateCard status=SUCCESS method=CardsApi.updateCard()[pri:3, instance:TestCases.CardsApi@5b6813df] output={null}]]]>
              </value>
            </param>
          </params>
          <reporter-output>
          </reporter-output>
        </test-method> <!-- status -->
        <test-method signature="getCard()[pri:4, instance:TestCases.CardsApi@5b6813df]" started-at="2023-09-23T20:34:25 IST" name="getCard" finished-at="2023-09-23T20:34:25 IST" duration-ms="727" status="PASS">
          <reporter-output>
          </reporter-output>
        </test-method> <!-- getCard -->
        <test-method is-config="true" signature="startTest(java.lang.reflect.Method)[pri:0, instance:TestCases.CardsApi@5b6813df]" started-at="2023-09-23T20:34:25 IST" name="startTest" finished-at="2023-09-23T20:34:25 IST" duration-ms="0" status="PASS">
          <params>
            <param index="0">
              <value>
                <![CDATA[public void TestCases.CardsApi.getCard() throws java.lang.Exception]]>
              </value>
            </param>
          </params>
          <reporter-output>
          </reporter-output>
        </test-method> <!-- startTest -->
        <test-method is-config="true" signature="status(org.testng.ITestResult)[pri:0, instance:TestCases.CardsApi@5b6813df]" started-at="2023-09-23T20:34:25 IST" name="status" finished-at="2023-09-23T20:34:25 IST" duration-ms="19" status="PASS">
          <params>
            <param index="0">
              <value>
                <![CDATA[[TestResult name=getCard status=SUCCESS method=CardsApi.getCard()[pri:4, instance:TestCases.CardsApi@5b6813df] output={null}]]]>
              </value>
            </param>
          </params>
          <reporter-output>
          </reporter-output>
        </test-method> <!-- status -->
        <test-method signature="deleteCard()[pri:5, instance:TestCases.CardsApi@5b6813df]" started-at="2023-09-23T20:34:25 IST" name="deleteCard" finished-at="2023-09-23T20:34:26 IST" duration-ms="894" status="PASS">
          <reporter-output>
          </reporter-output>
        </test-method> <!-- deleteCard -->
        <test-method is-config="true" signature="startTest(java.lang.reflect.Method)[pri:0, instance:TestCases.CardsApi@5b6813df]" started-at="2023-09-23T20:34:25 IST" name="startTest" finished-at="2023-09-23T20:34:25 IST" duration-ms="0" status="PASS">
          <params>
            <param index="0">
              <value>
                <![CDATA[public void TestCases.CardsApi.deleteCard() throws java.lang.Exception]]>
              </value>
            </param>
          </params>
          <reporter-output>
          </reporter-output>
        </test-method> <!-- startTest -->
        <test-method is-config="true" signature="status(org.testng.ITestResult)[pri:0, instance:TestCases.CardsApi@5b6813df]" started-at="2023-09-23T20:34:26 IST" name="status" finished-at="2023-09-23T20:34:26 IST" duration-ms="15" status="PASS">
          <params>
            <param index="0">
              <value>
                <![CDATA[[TestResult name=deleteCard status=SUCCESS method=CardsApi.deleteCard()[pri:5, instance:TestCases.CardsApi@5b6813df] output={null}]]]>
              </value>
            </param>
          </params>
          <reporter-output>
          </reporter-output>
        </test-method> <!-- status -->
        <test-method signature="deleteBoard()[pri:6, instance:TestCases.CardsApi@5b6813df]" started-at="2023-09-23T20:34:26 IST" name="deleteBoard" finished-at="2023-09-23T20:34:28 IST" duration-ms="1571" status="PASS">
          <reporter-output>
          </reporter-output>
        </test-method> <!-- deleteBoard -->
        <test-method is-config="true" signature="startTest(java.lang.reflect.Method)[pri:0, instance:TestCases.CardsApi@5b6813df]" started-at="2023-09-23T20:34:26 IST" name="startTest" finished-at="2023-09-23T20:34:26 IST" duration-ms="0" status="PASS">
          <params>
            <param index="0">
              <value>
                <![CDATA[public void TestCases.CardsApi.deleteBoard() throws java.lang.Exception]]>
              </value>
            </param>
          </params>
          <reporter-output>
          </reporter-output>
        </test-method> <!-- startTest -->
        <test-method is-config="true" signature="status(org.testng.ITestResult)[pri:0, instance:TestCases.CardsApi@5b6813df]" started-at="2023-09-23T20:34:28 IST" name="status" finished-at="2023-09-23T20:34:28 IST" duration-ms="1" status="PASS">
          <params>
            <param index="0">
              <value>
                <![CDATA[[TestResult name=deleteBoard status=SUCCESS method=CardsApi.deleteBoard()[pri:6, instance:TestCases.CardsApi@5b6813df] output={null}]]]>
              </value>
            </param>
          </params>
          <reporter-output>
          </reporter-output>
        </test-method> <!-- status -->
      </class> <!-- TestCases.CardsApi -->
      <class name="TestCases.ChecklistApi">
        <test-method signature="createBoard()[pri:0, instance:TestCases.ChecklistApi@5f2606b]" started-at="2023-09-23T20:34:28 IST" name="createBoard" finished-at="2023-09-23T20:34:29 IST" duration-ms="1028" status="PASS">
          <reporter-output>
          </reporter-output>
        </test-method> <!-- createBoard -->
        <test-method is-config="true" signature="startTest(java.lang.reflect.Method)[pri:0, instance:TestCases.ChecklistApi@5f2606b]" started-at="2023-09-23T20:34:28 IST" name="startTest" finished-at="2023-09-23T20:34:28 IST" duration-ms="0" status="PASS">
          <params>
            <param index="0">
              <value>
                <![CDATA[public void TestCases.ChecklistApi.createBoard() throws java.lang.Exception]]>
              </value>
            </param>
          </params>
          <reporter-output>
          </reporter-output>
        </test-method> <!-- startTest -->
        <test-method is-config="true" signature="status(org.testng.ITestResult)[pri:0, instance:TestCases.ChecklistApi@5f2606b]" started-at="2023-09-23T20:34:29 IST" name="status" finished-at="2023-09-23T20:34:29 IST" duration-ms="31" status="PASS">
          <params>
            <param index="0">
              <value>
                <![CDATA[[TestResult name=createBoard status=SUCCESS method=ChecklistApi.createBoard()[pri:0, instance:TestCases.ChecklistApi@5f2606b] output={null}]]]>
              </value>
            </param>
          </params>
          <reporter-output>
          </reporter-output>
        </test-method> <!-- status -->
        <test-method signature="createListForCard()[pri:1, instance:TestCases.ChecklistApi@5f2606b]" started-at="2023-09-23T20:34:29 IST" name="createListForCard" finished-at="2023-09-23T20:34:30 IST" duration-ms="1003" status="PASS">
          <reporter-output>
          </reporter-output>
        </test-method> <!-- createListForCard -->
        <test-method is-config="true" signature="startTest(java.lang.reflect.Method)[pri:0, instance:TestCases.ChecklistApi@5f2606b]" started-at="2023-09-23T20:34:29 IST" name="startTest" finished-at="2023-09-23T20:34:29 IST" duration-ms="0" status="PASS">
          <params>
            <param index="0">
              <value>
                <![CDATA[public void TestCases.ChecklistApi.createListForCard() throws java.lang.Exception]]>
              </value>
            </param>
          </params>
          <reporter-output>
          </reporter-output>
        </test-method> <!-- startTest -->
        <test-method is-config="true" signature="status(org.testng.ITestResult)[pri:0, instance:TestCases.ChecklistApi@5f2606b]" started-at="2023-09-23T20:34:30 IST" name="status" finished-at="2023-09-23T20:34:30 IST" duration-ms="16" status="PASS">
          <params>
            <param index="0">
              <value>
                <![CDATA[[TestResult name=createListForCard status=SUCCESS method=ChecklistApi.createListForCard()[pri:1, instance:TestCases.ChecklistApi@5f2606b] output={null}]]]>
              </value>
            </param>
          </params>
          <reporter-output>
          </reporter-output>
        </test-method> <!-- status -->
        <test-method signature="createCard()[pri:2, instance:TestCases.ChecklistApi@5f2606b]" started-at="2023-09-23T20:34:30 IST" name="createCard" finished-at="2023-09-23T20:34:31 IST" duration-ms="1002" status="PASS">
          <reporter-output>
          </reporter-output>
        </test-method> <!-- createCard -->
        <test-method is-config="true" signature="startTest(java.lang.reflect.Method)[pri:0, instance:TestCases.ChecklistApi@5f2606b]" started-at="2023-09-23T20:34:30 IST" name="startTest" finished-at="2023-09-23T20:34:30 IST" duration-ms="0" status="PASS">
          <params>
            <param index="0">
              <value>
                <![CDATA[public void TestCases.ChecklistApi.createCard() throws java.lang.Exception]]>
              </value>
            </param>
          </params>
          <reporter-output>
          </reporter-output>
        </test-method> <!-- startTest -->
        <test-method is-config="true" signature="status(org.testng.ITestResult)[pri:0, instance:TestCases.ChecklistApi@5f2606b]" started-at="2023-09-23T20:34:31 IST" name="status" finished-at="2023-09-23T20:34:31 IST" duration-ms="15" status="PASS">
          <params>
            <param index="0">
              <value>
                <![CDATA[[TestResult name=createCard status=SUCCESS method=ChecklistApi.createCard()[pri:2, instance:TestCases.ChecklistApi@5f2606b] output={null}]]]>
              </value>
            </param>
          </params>
          <reporter-output>
          </reporter-output>
        </test-method> <!-- status -->
        <test-method signature="createChecklist()[pri:3, instance:TestCases.ChecklistApi@5f2606b]" started-at="2023-09-23T20:34:31 IST" name="createChecklist" finished-at="2023-09-23T20:34:32 IST" duration-ms="997" status="PASS">
          <reporter-output>
          </reporter-output>
        </test-method> <!-- createChecklist -->
        <test-method is-config="true" signature="startTest(java.lang.reflect.Method)[pri:0, instance:TestCases.ChecklistApi@5f2606b]" started-at="2023-09-23T20:34:31 IST" name="startTest" finished-at="2023-09-23T20:34:31 IST" duration-ms="0" status="PASS">
          <params>
            <param index="0">
              <value>
                <![CDATA[public void TestCases.ChecklistApi.createChecklist() throws java.lang.Exception]]>
              </value>
            </param>
          </params>
          <reporter-output>
          </reporter-output>
        </test-method> <!-- startTest -->
        <test-method is-config="true" signature="status(org.testng.ITestResult)[pri:0, instance:TestCases.ChecklistApi@5f2606b]" started-at="2023-09-23T20:34:32 IST" name="status" finished-at="2023-09-23T20:34:32 IST" duration-ms="8" status="PASS">
          <params>
            <param index="0">
              <value>
                <![CDATA[[TestResult name=createChecklist status=SUCCESS method=ChecklistApi.createChecklist()[pri:3, instance:TestCases.ChecklistApi@5f2606b] output={null}]]]>
              </value>
            </param>
          </params>
          <reporter-output>
          </reporter-output>
        </test-method> <!-- status -->
        <test-method signature="updateChecklistist()[pri:4, instance:TestCases.ChecklistApi@5f2606b]" started-at="2023-09-23T20:34:32 IST" name="updateChecklistist" finished-at="2023-09-23T20:34:33 IST" duration-ms="566" status="PASS">
          <reporter-output>
          </reporter-output>
        </test-method> <!-- updateChecklistist -->
        <test-method is-config="true" signature="startTest(java.lang.reflect.Method)[pri:0, instance:TestCases.ChecklistApi@5f2606b]" started-at="2023-09-23T20:34:32 IST" name="startTest" finished-at="2023-09-23T20:34:32 IST" duration-ms="0" status="PASS">
          <params>
            <param index="0">
              <value>
                <![CDATA[public void TestCases.ChecklistApi.updateChecklistist() throws java.lang.Exception]]>
              </value>
            </param>
          </params>
          <reporter-output>
          </reporter-output>
        </test-method> <!-- startTest -->
        <test-method is-config="true" signature="status(org.testng.ITestResult)[pri:0, instance:TestCases.ChecklistApi@5f2606b]" started-at="2023-09-23T20:34:33 IST" name="status" finished-at="2023-09-23T20:34:33 IST" duration-ms="31" status="PASS">
          <params>
            <param index="0">
              <value>
                <![CDATA[[TestResult name=updateChecklistist status=SUCCESS method=ChecklistApi.updateChecklistist()[pri:4, instance:TestCases.ChecklistApi@5f2606b] output={null}]]]>
              </value>
            </param>
          </params>
          <reporter-output>
          </reporter-output>
        </test-method> <!-- status -->
        <test-method signature="getChecklist()[pri:5, instance:TestCases.ChecklistApi@5f2606b]" started-at="2023-09-23T20:34:33 IST" name="getChecklist" finished-at="2023-09-23T20:34:34 IST" duration-ms="923" status="PASS">
          <reporter-output>
          </reporter-output>
        </test-method> <!-- getChecklist -->
        <test-method is-config="true" signature="startTest(java.lang.reflect.Method)[pri:0, instance:TestCases.ChecklistApi@5f2606b]" started-at="2023-09-23T20:34:33 IST" name="startTest" finished-at="2023-09-23T20:34:33 IST" duration-ms="0" status="PASS">
          <params>
            <param index="0">
              <value>
                <![CDATA[public void TestCases.ChecklistApi.getChecklist() throws java.lang.Exception]]>
              </value>
            </param>
          </params>
          <reporter-output>
          </reporter-output>
        </test-method> <!-- startTest -->
        <test-method is-config="true" signature="status(org.testng.ITestResult)[pri:0, instance:TestCases.ChecklistApi@5f2606b]" started-at="2023-09-23T20:34:34 IST" name="status" finished-at="2023-09-23T20:34:34 IST" duration-ms="16" status="PASS">
          <params>
            <param index="0">
              <value>
                <![CDATA[[TestResult name=getChecklist status=SUCCESS method=ChecklistApi.getChecklist()[pri:5, instance:TestCases.ChecklistApi@5f2606b] output={null}]]]>
              </value>
            </param>
          </params>
          <reporter-output>
          </reporter-output>
        </test-method> <!-- status -->
        <test-method signature="deleteCard()[pri:6, instance:TestCases.ChecklistApi@5f2606b]" started-at="2023-09-23T20:34:34 IST" name="deleteCard" finished-at="2023-09-23T20:34:35 IST" duration-ms="1008" status="PASS">
          <reporter-output>
          </reporter-output>
        </test-method> <!-- deleteCard -->
        <test-method is-config="true" signature="startTest(java.lang.reflect.Method)[pri:0, instance:TestCases.ChecklistApi@5f2606b]" started-at="2023-09-23T20:34:34 IST" name="startTest" finished-at="2023-09-23T20:34:34 IST" duration-ms="0" status="PASS">
          <params>
            <param index="0">
              <value>
                <![CDATA[public void TestCases.ChecklistApi.deleteCard() throws java.lang.Exception]]>
              </value>
            </param>
          </params>
          <reporter-output>
          </reporter-output>
        </test-method> <!-- startTest -->
        <test-method is-config="true" signature="status(org.testng.ITestResult)[pri:0, instance:TestCases.ChecklistApi@5f2606b]" started-at="2023-09-23T20:34:35 IST" name="status" finished-at="2023-09-23T20:34:35 IST" duration-ms="21" status="PASS">
          <params>
            <param index="0">
              <value>
                <![CDATA[[TestResult name=deleteCard status=SUCCESS method=ChecklistApi.deleteCard()[pri:6, instance:TestCases.ChecklistApi@5f2606b] output={null}]]]>
              </value>
            </param>
          </params>
          <reporter-output>
          </reporter-output>
        </test-method> <!-- status -->
        <test-method signature="deleteBoard()[pri:7, instance:TestCases.ChecklistApi@5f2606b]" started-at="2023-09-23T20:34:35 IST" name="deleteBoard" finished-at="2023-09-23T20:34:36 IST" duration-ms="1510" status="PASS">
          <reporter-output>
          </reporter-output>
        </test-method> <!-- deleteBoard -->
        <test-method is-config="true" signature="startTest(java.lang.reflect.Method)[pri:0, instance:TestCases.ChecklistApi@5f2606b]" started-at="2023-09-23T20:34:35 IST" name="startTest" finished-at="2023-09-23T20:34:35 IST" duration-ms="0" status="PASS">
          <params>
            <param index="0">
              <value>
                <![CDATA[public void TestCases.ChecklistApi.deleteBoard() throws java.lang.Exception]]>
              </value>
            </param>
          </params>
          <reporter-output>
          </reporter-output>
        </test-method> <!-- startTest -->
        <test-method is-config="true" signature="status(org.testng.ITestResult)[pri:0, instance:TestCases.ChecklistApi@5f2606b]" started-at="2023-09-23T20:34:36 IST" name="status" finished-at="2023-09-23T20:34:36 IST" duration-ms="17" status="PASS">
          <params>
            <param index="0">
              <value>
                <![CDATA[[TestResult name=deleteBoard status=SUCCESS method=ChecklistApi.deleteBoard()[pri:7, instance:TestCases.ChecklistApi@5f2606b] output={null}]]]>
              </value>
            </param>
          </params>
          <reporter-output>
          </reporter-output>
        </test-method> <!-- status -->
      </class> <!-- TestCases.ChecklistApi -->
    </test> <!-- Integration -->
  </suite> <!-- Trello -->
</testng-results>
