<?xml version="1.0" encoding="UTF-8"?>
<!-- Generated by org.testng.reporters.JUnitXMLReporter -->
<testsuite ignored="0" hostname="IN-4DJ9WP3" failures="0" tests="25" name="Integration" time="26.612" errors="0" timestamp="2023-01-31T22:59:14 IST">
  <testcase classname="TestCases.BoardApi" name="createBoard" time="2.312"/>
  <testcase classname="TestCases.BoardApi" name="getBoard" time="0.686"/>
  <testcase classname="TestCases.BoardApi" name="updateBoard" time="0.923"/>
  <testcase classname="TestCases.BoardApi" name="deleteBoard" time="1.427"/>
  <testcase classname="TestCases.ListApi" name="createBoard" time="0.753"/>
  <testcase classname="TestCases.ListApi" name="createList" time="0.666"/>
  <testcase classname="TestCases.ListApi" name="NegativeTestCase_updateList" time="0.584"/>
  <testcase classname="TestCases.ListApi" name="updateList" time="0.536"/>
  <testcase classname="TestCases.ListApi" name="getList" time="0.505"/>
  <testcase classname="TestCases.ListApi" name="deleteBoard" time="1.405"/>
  <testcase classname="TestCases.CardsApi" name="createBoard" time="0.992"/>
  <testcase classname="TestCases.CardsApi" name="createListForCard" time="0.989"/>
  <testcase classname="TestCases.CardsApi" name="createCard" time="1.494"/>
  <testcase classname="TestCases.CardsApi" name="updateCard" time="0.713"/>
  <testcase classname="TestCases.CardsApi" name="getCard" time="0.693"/>
  <testcase classname="TestCases.CardsApi" name="deleteCard" time="0.995"/>
  <testcase classname="TestCases.CardsApi" name="deleteBoard" time="1.442"/>
  <testcase classname="TestCases.ChecklistApi" name="createBoard" time="1.007"/>
  <testcase classname="TestCases.ChecklistApi" name="createListForCard" time="0.61"/>
  <testcase classname="TestCases.ChecklistApi" name="createCard" time="0.863"/>
  <testcase classname="TestCases.ChecklistApi" name="createChecklist" time="0.966"/>
  <testcase classname="TestCases.ChecklistApi" name="updateChecklistist" time="0.956"/>
  <testcase classname="TestCases.ChecklistApi" name="getChecklist" time="0.559"/>
  <testcase classname="TestCases.ChecklistApi" name="deleteCard" time="0.905"/>
  <testcase classname="TestCases.ChecklistApi" name="deleteBoard" time="1.546"/>
</testsuite> <!-- Integration -->
