<?xml version="1.0" encoding="UTF-8"?>
<!-- Generated by org.testng.reporters.JUnitXMLReporter -->
<testsuite ignored="0" hostname="IN-4DJ9WP3" failures="0" tests="25" name="Integration" time="30.71" errors="0" timestamp="2023-09-23T20:34:36 IST">
  <testcase classname="TestCases.BoardApi" name="createBoard" time="2.303"/>
  <testcase classname="TestCases.BoardApi" name="getBoard" time="1.43"/>
  <testcase classname="TestCases.BoardApi" name="updateBoard" time="0.816"/>
  <testcase classname="TestCases.BoardApi" name="deleteBoard" time="1.485"/>
  <testcase classname="TestCases.ListApi" name="createBoard" time="1.028"/>
  <testcase classname="TestCases.ListApi" name="createList" time="1.643"/>
  <testcase classname="TestCases.ListApi" name="NegativeTestCase_updateList" time="0.937"/>
  <testcase classname="TestCases.ListApi" name="updateList" time="0.802"/>
  <testcase classname="TestCases.ListApi" name="getList" time="1.708"/>
  <testcase classname="TestCases.ListApi" name="deleteBoard" time="2.03"/>
  <testcase classname="TestCases.CardsApi" name="createBoard" time="1.026"/>
  <testcase classname="TestCases.CardsApi" name="createListForCard" time="1.191"/>
  <testcase classname="TestCases.CardsApi" name="createCard" time="0.872"/>
  <testcase classname="TestCases.CardsApi" name="updateCard" time="0.755"/>
  <testcase classname="TestCases.CardsApi" name="getCard" time="0.727"/>
  <testcase classname="TestCases.CardsApi" name="deleteCard" time="0.894"/>
  <testcase classname="TestCases.CardsApi" name="deleteBoard" time="1.571"/>
  <testcase classname="TestCases.ChecklistApi" name="createBoard" time="1.028"/>
  <testcase classname="TestCases.ChecklistApi" name="createListForCard" time="1.003"/>
  <testcase classname="TestCases.ChecklistApi" name="createCard" time="1.002"/>
  <testcase classname="TestCases.ChecklistApi" name="createChecklist" time="0.997"/>
  <testcase classname="TestCases.ChecklistApi" name="updateChecklistist" time="0.566"/>
  <testcase classname="TestCases.ChecklistApi" name="getChecklist" time="0.923"/>
  <testcase classname="TestCases.ChecklistApi" name="deleteCard" time="1.008"/>
  <testcase classname="TestCases.ChecklistApi" name="deleteBoard" time="1.51"/>
</testsuite> <!-- Integration -->
